This is pdfTeX, Version 3.141592653-2.6-1.40.24 (MiKTeX 22.10) (preloaded format=pdflatex 2022.11.3)  9 DEC 2022 11:08
entering extended mode
 restricted \write18 enabled.
 %&-line parsing enabled.
**./refman.tex
(refman.tex
LaTeX2e <2022-06-01> patch level 5
L3 programming layer <2022-09-28>
(C:\Users\Duygu Ayvaz\AppData\Local\Programs\MiKTeX\tex/latex/base\article.cls
Document Class: article 2021/10/04 v1.4n Standard LaTeX document class
(C:\Users\Duygu Ayvaz\AppData\Local\Programs\MiKTeX\tex/latex/base\size10.clo
File: size10.clo 2021/10/04 v1.4n Standard LaTeX file (size option)
)
\c@part=\count185
\c@section=\count186
\c@subsection=\count187
\c@subsubsection=\count188
\c@paragraph=\count189
\c@subparagraph=\count190
\c@figure=\count191
\c@table=\count192
\abovecaptionskip=\skip47
\belowcaptionskip=\skip48
\bibindent=\dimen138
) (C:\Users\Duygu Ayvaz\AppData\Local\Programs\MiKTeX\tex/latex/base\ifthen.sty
Package: ifthen 2022/04/13 v1.1d Standard LaTeX ifthen package (DPC)
) (C:\Users\Duygu Ayvaz\AppData\Local\Programs\MiKTeX\tex/latex/tools\array.sty
Rollback for package 'array' requested -> date 2016-10-06.
         Best approximation is the release introduced on 2016-10-06.

(C:\Users\Duygu Ayvaz\AppData\Local\Programs\MiKTeX\tex/latex/tools\array-2016-
10-06.sty
Package: array 2016/10/06 v2.4d Tabular extension package (FMi)
\col@sep=\dimen139
\extrarowheight=\dimen140
\NC@list=\toks16
\extratabsurround=\skip49
\backup@length=\skip50
))
(C:\Users\Duygu Ayvaz\AppData\Local\Programs\MiKTeX\tex/latex/base\fixltx2e.sty
Package: fixltx2e 2016/12/29 v2.1a fixes to LaTeX (obsolete)
Applying: [2015/01/01] Old fixltx2e package on input line 46.

Package fixltx2e Warning: fixltx2e is not required with releases after 2015
(fixltx2e)                All fixes are now in the LaTeX kernel.
(fixltx2e)                See the latexrelease package for details.

Already applied: [0000/00/00] Old fixltx2e package on input line 53.
) (doxygen.sty
Package: doxygen 

(C:\Users\Duygu Ayvaz\AppData\Local\Programs\MiKTeX\tex/latex/base\alltt.sty
Package: alltt 2021/01/29 v2.0g defines alltt environment
)
(C:\Users\Duygu Ayvaz\AppData\Local\Programs\MiKTeX\tex/latex/tools\calc.sty
Package: calc 2017/05/25 v4.3 Infix arithmetic (KKT,FJ)
\calc@Acount=\count193
\calc@Bcount=\count194
\calc@Adimen=\dimen141
\calc@Bdimen=\dimen142
\calc@Askip=\skip51
\calc@Bskip=\skip52
LaTeX Info: Redefining \setlength on input line 80.
LaTeX Info: Redefining \addtolength on input line 81.
\calc@Ccount=\count195
\calc@Cskip=\skip53
)
(C:\Users\Duygu Ayvaz\AppData\Local\Programs\MiKTeX\tex/latex/float\float.sty
Package: float 2001/11/08 v1.3d Float enhancements (AL)
\c@float@type=\count196
\float@exts=\toks17
\float@box=\box51
\@float@everytoks=\toks18
\@floatcapt=\box52
)
(C:\Users\Duygu Ayvaz\AppData\Local\Programs\MiKTeX\tex/latex/tools\verbatim.st
y
Package: verbatim 2020-07-07 v1.5u LaTeX2e package for verbatim enhancements
\every@verbatim=\toks19
\verbatim@line=\toks20
\verbatim@in@stream=\read2
)
(C:\Users\Duygu Ayvaz\AppData\Local\Programs\MiKTeX\tex/latex/xcolor\xcolor.sty
Package: xcolor 2022/06/12 v2.14 LaTeX color extensions (UK)

(C:\Users\Duygu Ayvaz\AppData\Local\Programs\MiKTeX\tex/latex/graphics-cfg\colo
r.cfg
File: color.cfg 2016/01/02 v1.6 sample color configuration
)
Package xcolor Info: Driver file: pdftex.def on input line 227.

(C:\Users\Duygu Ayvaz\AppData\Local\Programs\MiKTeX\tex/latex/graphics-def\pdft
ex.def
File: pdftex.def 2022/09/22 v1.2b Graphics/color driver for pdftex
\stockwidth=\dimen143
\stockheight=\dimen144
)
(C:\Users\Duygu Ayvaz\AppData\Local\Programs\MiKTeX\tex/latex/colortbl\colortbl
.sty
Package: colortbl 2022/06/20 v1.0f Color table columns (DPC)
\everycr=\toks21
\minrowclearance=\skip54
\rownum=\count197
)
(C:\Users\Duygu Ayvaz\AppData\Local\Programs\MiKTeX\tex/latex/graphics\mathcolo
r.ltx)
Package xcolor Info: Model `cmy' substituted by `cmy0' on input line 1353.
Package xcolor Info: Model `hsb' substituted by `rgb' on input line 1357.
Package xcolor Info: Model `RGB' extended on input line 1369.
Package xcolor Info: Model `HTML' substituted by `rgb' on input line 1371.
Package xcolor Info: Model `Hsb' substituted by `hsb' on input line 1372.
Package xcolor Info: Model `tHsb' substituted by `hsb' on input line 1373.
Package xcolor Info: Model `HSB' substituted by `hsb' on input line 1374.
Package xcolor Info: Model `Gray' substituted by `gray' on input line 1375.
Package xcolor Info: Model `wave' substituted by `hsb' on input line 1376.
) (longtable_doxygen.sty
Package: longtable_doxygen 2014/10/28 v4.11 Multi-page Table package (DPC) - fr
ozen version for doxygen
\LTleft=\skip55
\LTright=\skip56
\LTpre=\skip57
\LTpost=\skip58
\LTchunksize=\count198
\LTcapwidth=\dimen145
\LT@head=\box53
\LT@firsthead=\box54
\LT@foot=\box55
\LT@lastfoot=\box56
\LT@cols=\count199
\LT@rows=\count266
\c@LT@tables=\count267
\c@LT@chunks=\count268
\LT@p@ftn=\toks22
) (tabu_doxygen.sty
Package: tabu_doxygen 2011/02/26 v2.8 - flexible LaTeX tabulars (FC), frozen ve
rsion for doxygen

(C:\Users\Duygu Ayvaz\AppData\Local\Programs\MiKTeX\tex/latex/varwidth\varwidth
.sty
Package: varwidth 2009/03/30 ver 0.92;  Variable-width minipages
\@vwid@box=\box57
\sift@deathcycles=\count269
\@vwid@loff=\dimen146
\@vwid@roff=\dimen147
)
\c@taburow=\count270
\tabu@nbcols=\count271
\tabu@cnt=\count272
\tabu@Xcol=\count273
\tabu@alloc=\count274
\tabu@nested=\count275
\tabu@target=\dimen148
\tabu@spreadtarget=\dimen149
\tabu@naturalX=\dimen150
\tabucolX=\dimen151
\tabu@Xsum=\dimen152
\extrarowdepth=\dimen153
\abovetabulinesep=\dimen154
\belowtabulinesep=\dimen155
\tabustrutrule=\dimen156
\tabu@thebody=\toks23
\tabu@footnotes=\toks24
\tabu@box=\box58
\tabu@arstrutbox=\box59
\tabu@hleads=\box60
\tabu@vleads=\box61
\tabu@cellskip=\skip59
)
(C:\Users\Duygu Ayvaz\AppData\Local\Programs\MiKTeX\tex/latex/fancyvrb\fancyvrb
.sty
Package: fancyvrb 2022/06/06 4.5 verbatim text (tvz,hv)

(C:\Users\Duygu Ayvaz\AppData\Local\Programs\MiKTeX\tex/latex/graphics\keyval.s
ty
Package: keyval 2022/05/29 v1.15 key=value parser (DPC)
\KV@toks@=\toks25
)
\FV@CodeLineNo=\count276
\FV@InFile=\read3
\FV@TabBox=\box62
\c@FancyVerbLine=\count277
\FV@StepNumber=\count278
\FV@OutFile=\write3
)
(C:\Users\Duygu Ayvaz\AppData\Local\Programs\MiKTeX\tex/latex/tools\tabularx.st
y
Package: tabularx 2020/01/15 v2.11c `tabularx' package (DPC)
\TX@col@width=\dimen157
\TX@old@table=\dimen158
\TX@old@col=\dimen159
\TX@target=\dimen160
\TX@delta=\dimen161
\TX@cols=\count279
\TX@ftn=\toks26
)
(C:\Users\Duygu Ayvaz\AppData\Local\Programs\MiKTeX\tex/latex/tools\multicol.st
y
Package: multicol 2021/11/30 v1.9d multicolumn formatting (FMi)
\c@tracingmulticols=\count280
\mult@box=\box63
\multicol@leftmargin=\dimen162
\c@unbalance=\count281
\c@collectmore=\count282
\doublecol@number=\count283
\multicoltolerance=\count284
\multicolpretolerance=\count285
\full@width=\dimen163
\page@free=\dimen164
\premulticols=\dimen165
\postmulticols=\dimen166
\multicolsep=\skip60
\multicolbaselineskip=\skip61
\partial@page=\box64
\last@line=\box65
\maxbalancingoverflow=\dimen167
\mult@rightbox=\box66
\mult@grightbox=\box67
\mult@firstbox=\box68
\mult@gfirstbox=\box69
\@tempa=\box70
\@tempa=\box71
\@tempa=\box72
\@tempa=\box73
\@tempa=\box74
\@tempa=\box75
\@tempa=\box76
\@tempa=\box77
\@tempa=\box78
\@tempa=\box79
\@tempa=\box80
\@tempa=\box81
\@tempa=\box82
\@tempa=\box83
\@tempa=\box84
\@tempa=\box85
\@tempa=\box86
\@tempa=\box87
\@tempa=\box88
\@tempa=\box89
\@tempa=\box90
\@tempa=\box91
\@tempa=\box92
\@tempa=\box93
\@tempa=\box94
\@tempa=\box95
\@tempa=\box96
\@tempa=\box97
\@tempa=\box98
\@tempa=\box99
\@tempa=\box100
\@tempa=\box101
\@tempa=\box102
\@tempa=\box103
\@tempa=\box104
\@tempa=\box105
\c@minrows=\count286
\c@columnbadness=\count287
\c@finalcolumnbadness=\count288
\last@try=\dimen168
\multicolovershoot=\dimen169
\multicolundershoot=\dimen170
\mult@nat@firstbox=\box106
\colbreak@box=\box107
\mc@col@check@num=\count289
)
(C:\Users\Duygu Ayvaz\AppData\Local\Programs\MiKTeX\tex/latex/multirow\multirow
.sty
Package: multirow 2021/03/15 v2.8 Span multiple rows of a table
\multirow@colwidth=\skip62
\multirow@cntb=\count290
\multirow@dima=\skip63
\bigstrutjot=\dimen171
)
(C:\Users\Duygu Ayvaz\AppData\Local\Programs\MiKTeX\tex/latex/hanging\hanging.s
ty
Package: hanging 2009/09/02 v1.2b hanging paragraphs and punctuation
\h@ngcommawd=\skip64
\h@ngfstopwd=\skip65
\h@ngquotewd=\skip66
\h@ngdquotewd=\skip67
\h@ngquerywd=\skip68
\h@ngexclwd=\skip69
\h@ngcolonwd=\skip70
\h@ngscolonwd=\skip71
)
(C:\Users\Duygu Ayvaz\AppData\Local\Programs\MiKTeX\tex/generic/iftex\ifpdf.sty
Package: ifpdf 2019/10/25 v3.4 ifpdf legacy package. Use iftex instead.

(C:\Users\Duygu Ayvaz\AppData\Local\Programs\MiKTeX\tex/generic/iftex\iftex.sty
Package: iftex 2022/02/03 v1.0f TeX engine tests
))
(C:\Users\Duygu Ayvaz\AppData\Local\Programs\MiKTeX\tex/latex/adjustbox\adjustb
ox.sty
Package: adjustbox 2022/10/17 v1.3a Adjusting TeX boxes (trim, clip, ...)

(C:\Users\Duygu Ayvaz\AppData\Local\Programs\MiKTeX\tex/latex/xkeyval\xkeyval.s
ty
Package: xkeyval 2022/06/16 v2.9 package option processing (HA)

(C:\Users\Duygu Ayvaz\AppData\Local\Programs\MiKTeX\tex/generic/xkeyval\xkeyval
.tex
(C:\Users\Duygu Ayvaz\AppData\Local\Programs\MiKTeX\tex/generic/xkeyval\xkvutil
s.tex
\XKV@toks=\toks27
\XKV@tempa@toks=\toks28
)
\XKV@depth=\count291
File: xkeyval.tex 2014/12/03 v2.7a key=value parser (HA)
))
(C:\Users\Duygu Ayvaz\AppData\Local\Programs\MiKTeX\tex/latex/adjustbox\adjcalc
.sty
Package: adjcalc 2012/05/16 v1.1 Provides advanced setlength with multiple back
-ends (calc, etex, pgfmath)
)
(C:\Users\Duygu Ayvaz\AppData\Local\Programs\MiKTeX\tex/latex/adjustbox\trimcli
p.sty
Package: trimclip 2020/08/19 v1.2 Trim and clip general TeX material

(C:\Users\Duygu Ayvaz\AppData\Local\Programs\MiKTeX\tex/latex/graphics\graphicx
.sty
Package: graphicx 2021/09/16 v1.2d Enhanced LaTeX Graphics (DPC,SPQR)

(C:\Users\Duygu Ayvaz\AppData\Local\Programs\MiKTeX\tex/latex/graphics\graphics
.sty
Package: graphics 2022/03/10 v1.4e Standard LaTeX Graphics (DPC,SPQR)

(C:\Users\Duygu Ayvaz\AppData\Local\Programs\MiKTeX\tex/latex/graphics\trig.sty
Package: trig 2021/08/11 v1.11 sin cos tan (DPC)
)
(C:\Users\Duygu Ayvaz\AppData\Local\Programs\MiKTeX\tex/latex/graphics-cfg\grap
hics.cfg
File: graphics.cfg 2016/06/04 v1.11 sample graphics configuration
)
Package graphics Info: Driver file: pdftex.def on input line 107.
)
\Gin@req@height=\dimen172
\Gin@req@width=\dimen173
)
(C:\Users\Duygu Ayvaz\AppData\Local\Programs\MiKTeX\tex/latex/collectbox\collec
tbox.sty
Package: collectbox 2022/10/17 v0.4c Collect macro arguments as boxes
\collectedbox=\box108
)
\tc@llx=\dimen174
\tc@lly=\dimen175
\tc@urx=\dimen176
\tc@ury=\dimen177
Package trimclip Info: Using driver 'tc-pdftex.def'.

(C:\Users\Duygu Ayvaz\AppData\Local\Programs\MiKTeX\tex/latex/adjustbox\tc-pdft
ex.def
File: tc-pdftex.def 2019/01/04 v2.2 Clipping driver for pdftex
))
\adjbox@Width=\dimen178
\adjbox@Height=\dimen179
\adjbox@Depth=\dimen180
\adjbox@Totalheight=\dimen181
\adjbox@pwidth=\dimen182
\adjbox@pheight=\dimen183
\adjbox@pdepth=\dimen184
\adjbox@ptotalheight=\dimen185

(C:\Users\Duygu Ayvaz\AppData\Local\Programs\MiKTeX\tex/latex/ifoddpage\ifoddpa
ge.sty
Package: ifoddpage 2022/10/18 v1.2 Conditionals for odd/even page detection
\c@checkoddpage=\count292
))
(C:\Users\Duygu Ayvaz\AppData\Local\Programs\MiKTeX\tex/latex/amsfonts\amssymb.
sty
Package: amssymb 2013/01/14 v3.01 AMS font symbols

(C:\Users\Duygu Ayvaz\AppData\Local\Programs\MiKTeX\tex/latex/amsfonts\amsfonts
.sty
Package: amsfonts 2013/01/14 v3.01 Basic AMSFonts support
\@emptytoks=\toks29
\symAMSa=\mathgroup4
\symAMSb=\mathgroup5
LaTeX Font Info:    Redeclaring math symbol \hbar on input line 98.
LaTeX Font Info:    Overwriting math alphabet `\mathfrak' in version `bold'
(Font)                  U/euf/m/n --> U/euf/b/n on input line 106.
))
(C:\Users\Duygu Ayvaz\AppData\Local\Programs\MiKTeX\tex/latex/stackengine\stack
engine.sty
Package: stackengine 2021/07/22 v4.11\ Stacking text and objects in convenient 
ways

(C:\Users\Duygu Ayvaz\AppData\Local\Programs\MiKTeX\tex/latex/etoolbox\etoolbox
.sty
Package: etoolbox 2020/10/05 v2.5k e-TeX tools for LaTeX (JAW)
\etb@tempcnta=\count293
)
(C:\Users\Duygu Ayvaz\AppData\Local\Programs\MiKTeX\tex/latex/listofitems\listo
fitems.sty
(C:\Users\Duygu Ayvaz\AppData\Local\Programs\MiKTeX\tex/generic/listofitems\lis
tofitems.tex
\loi_cnt_foreach_nest=\count294
\loi_nestcnt=\count295
)
Package: listofitems 2019/08/21 v1.63 Grab items in lists using user-specified 
sep char (CT)
)
\c@@stackindex=\count296
\@boxshift=\skip72
\stack@tmplength=\skip73
\temp@stkl=\skip74
\@stackedboxwidth=\skip75
\@addedbox=\box109
\@anchorbox=\box110
\@insetbox=\box111
\se@backgroundbox=\box112
\stackedbox=\box113
\@centerbox=\box114
\c@ROWcellindex@=\count297
)
(C:\Users\Duygu Ayvaz\AppData\Local\Programs\MiKTeX\tex/latex/enumitem\enumitem
.sty
Package: enumitem 2019/06/20 v3.9 Customized lists
\labelindent=\skip76
\enit@outerparindent=\dimen186
\enit@toks=\toks30
\enit@inbox=\box115
\enit@count@id=\count298
\enitdp@description=\count299
)
(C:\Users\Duygu Ayvaz\AppData\Local\Programs\MiKTeX\tex/generic/alphalph\alphal
ph.sty
Package: alphalph 2019/12/09 v2.6 Convert numbers to letters (HO)

(C:\Users\Duygu Ayvaz\AppData\Local\Programs\MiKTeX\tex/generic/infwarerr\infwa
rerr.sty
Package: infwarerr 2019/12/03 v1.5 Providing info/warning/error messages (HO)
)
(C:\Users\Duygu Ayvaz\AppData\Local\Programs\MiKTeX\tex/generic/intcalc\intcalc
.sty
Package: intcalc 2019/12/15 v1.3 Expandable calculations with integers (HO)
))
(C:\Users\Duygu Ayvaz\AppData\Local\Programs\MiKTeX\tex/latex/ulem\ulem.sty
\UL@box=\box116
\UL@hyphenbox=\box117
\UL@skip=\skip77
\UL@hook=\toks31
\UL@height=\dimen187
\UL@pe=\count300
\UL@pixel=\dimen188
\ULC@box=\box118
Package: ulem 2019/11/18
\ULdepth=\dimen189
)
\xrefbox=\box119
\xreflength=\skip78
\CodeWidthChar=\skip79
\CodeHeightChar=\skip80
\DoxyCodeWidth=\skip81
\c@DoxyEnumeratei=\count301
\c@DoxyEnumerateii=\count302
\c@DoxyEnumerateiii=\count303
\c@DoxyEnumerateiv=\count304
\c@DoxyEnumeratev=\count305
\c@DoxyEnumeratevi=\count306
\c@DoxyEnumeratevii=\count307
\c@DoxyEnumerateviii=\count308
\c@DoxyEnumerateix=\count309
\c@DoxyEnumeratex=\count310
\c@DoxyEnumeratexi=\count311
\c@DoxyEnumeratexii=\count312
\enitdp@DoxyEnumerate=\count313
\enitdp@DoxyItemize=\count314
)
(C:\Users\Duygu Ayvaz\AppData\Local\Programs\MiKTeX\tex/latex/base\inputenc.sty
Package: inputenc 2021/02/14 v1.3d Input encoding file
\inpenc@prehook=\toks32
\inpenc@posthook=\toks33
)
(C:\Users\Duygu Ayvaz\AppData\Local\Programs\MiKTeX\tex/latex/base\makeidx.sty
Package: makeidx 2021/10/04 v1.0m Standard LaTeX package
)
(C:\Users\Duygu Ayvaz\AppData\Local\Programs\MiKTeX\tex/latex/base\textcomp.sty
Package: textcomp 2020/02/02 v2.0n Standard LaTeX package
)
(C:\Users\Duygu Ayvaz\AppData\Local\Programs\MiKTeX\tex/latex/wasysym\wasysym.s
ty
Package: wasysym 2020/01/19 v2.4 Wasy-2 symbol support package
\symwasy=\mathgroup6
LaTeX Font Info:    Overwriting symbol font `wasy' in version `bold'
(Font)                  U/wasy/m/n --> U/wasy/b/n on input line 93.
)
(C:\Users\Duygu Ayvaz\AppData\Local\Programs\MiKTeX\tex/generic/iftex\ifxetex.s
ty
Package: ifxetex 2019/10/25 v0.7 ifxetex legacy package. Use iftex instead.
)
(C:\Users\Duygu Ayvaz\AppData\Local\Programs\MiKTeX\tex/latex/base\fontenc.sty
Package: fontenc 2021/04/29 v2.0v Standard LaTeX package
)
(C:\Users\Duygu Ayvaz\AppData\Local\Programs\MiKTeX\tex/latex/psnfss\helvet.sty
Package: helvet 2020/03/25 PSNFSS-v9.3 (WaS) 
)
(C:\Users\Duygu Ayvaz\AppData\Local\Programs\MiKTeX\tex/latex/psnfss\courier.st
y
Package: courier 2020/03/25 PSNFSS-v9.3 (WaS) 
)
(C:\Users\Duygu Ayvaz\AppData\Local\Programs\MiKTeX\tex/latex/sectsty\sectsty.s
ty
Package: sectsty 2002/02/25 v2.0.2 Commands to change all sectional heading sty
les


LaTeX Warning: Command \underbar  has changed.
               Check if current package is valid.


LaTeX Warning: Command \underline  has changed.
               Check if current package is valid.

)
(C:\Users\Duygu Ayvaz\AppData\Local\Programs\MiKTeX\tex/latex/geometry\geometry
.sty
Package: geometry 2020/01/02 v5.9 Page Geometry

(C:\Users\Duygu Ayvaz\AppData\Local\Programs\MiKTeX\tex/generic/iftex\ifvtex.st
y
Package: ifvtex 2019/10/25 v1.7 ifvtex legacy package. Use iftex instead.
)
\Gm@cnth=\count315
\Gm@cntv=\count316
\c@Gm@tempcnt=\count317
\Gm@bindingoffset=\dimen190
\Gm@wd@mp=\dimen191
\Gm@odd@mp=\dimen192
\Gm@even@mp=\dimen193
\Gm@layoutwidth=\dimen194
\Gm@layoutheight=\dimen195
\Gm@layouthoffset=\dimen196
\Gm@layoutvoffset=\dimen197
\Gm@dimlist=\toks34

(C:\Users\Duygu Ayvaz\AppData\Local\Programs\MiKTeX\tex/latex/geometry\geometry
.cfg))
(C:\Users\Duygu Ayvaz\AppData\Local\Programs\MiKTeX\tex/latex/fancyhdr\fancyhdr
.sty
Package: fancyhdr 2022/05/18 v4.0.3 Extensive control of page headers and foote
rs
\f@nch@headwidth=\skip82
\f@nch@O@elh=\skip83
\f@nch@O@erh=\skip84
\f@nch@O@olh=\skip85
\f@nch@O@orh=\skip86
\f@nch@O@elf=\skip87
\f@nch@O@erf=\skip88
\f@nch@O@olf=\skip89
\f@nch@O@orf=\skip90
)
(C:\Users\Duygu Ayvaz\AppData\Local\Programs\MiKTeX\tex/latex/natbib\natbib.sty
Package: natbib 2010/09/13 8.31b (PWD, AO)
\bibhang=\skip91
\bibsep=\skip92
LaTeX Info: Redefining \cite on input line 694.
\c@NAT@ctr=\count318
)
(C:\Users\Duygu Ayvaz\AppData\Local\Programs\MiKTeX\tex/latex/tocloft\tocloft.s
ty
Package: tocloft 2017/08/31 v2.3i parameterised ToC, etc., typesetting
Package tocloft Info: The document has section divisions on input line 51.
\cftparskip=\skip93
\cftbeforetoctitleskip=\skip94
\cftaftertoctitleskip=\skip95
\cftbeforepartskip=\skip96
\cftpartnumwidth=\skip97
\cftpartindent=\skip98
\cftbeforesecskip=\skip99
\cftsecindent=\skip100
\cftsecnumwidth=\skip101
\cftbeforesubsecskip=\skip102
\cftsubsecindent=\skip103
\cftsubsecnumwidth=\skip104
\cftbeforesubsubsecskip=\skip105
\cftsubsubsecindent=\skip106
\cftsubsubsecnumwidth=\skip107
\cftbeforeparaskip=\skip108
\cftparaindent=\skip109
\cftparanumwidth=\skip110
\cftbeforesubparaskip=\skip111
\cftsubparaindent=\skip112
\cftsubparanumwidth=\skip113
\cftbeforeloftitleskip=\skip114
\cftafterloftitleskip=\skip115
\cftbeforefigskip=\skip116
\cftfigindent=\skip117
\cftfignumwidth=\skip118
\c@lofdepth=\count319
\c@lotdepth=\count320
\cftbeforelottitleskip=\skip119
\cftafterlottitleskip=\skip120
\cftbeforetabskip=\skip121
\cfttabindent=\skip122
\cfttabnumwidth=\skip123
)
\@indexfile=\write4
\openout4 = `refman.idx'.


Writing index file refman.idx

(C:\Users\Duygu Ayvaz\AppData\Local\Programs\MiKTeX\tex/latex/newunicodechar\ne
wunicodechar.sty
Package: newunicodechar 2018/04/08 v1.2 Defining Unicode characters
)

Package newunicodechar Warning: Redefining Unicode character on input line 113.



Package newunicodechar Warning: Redefining Unicode character on input line 114.



(C:\Users\Duygu Ayvaz\AppData\Local\Programs\MiKTeX\tex/latex/hyperref\hyperref
.sty
Package: hyperref 2022-09-22 v7.00t Hypertext links for LaTeX

(C:\Users\Duygu Ayvaz\AppData\Local\Programs\MiKTeX\tex/generic/ltxcmds\ltxcmds
.sty
Package: ltxcmds 2020-05-10 v1.25 LaTeX kernel commands for general use (HO)
)
(C:\Users\Duygu Ayvaz\AppData\Local\Programs\MiKTeX\tex/generic/pdftexcmds\pdft
excmds.sty
Package: pdftexcmds 2020-06-27 v0.33 Utility functions of pdfTeX for LuaTeX (HO
)
Package pdftexcmds Info: \pdf@primitive is available.
Package pdftexcmds Info: \pdf@ifprimitive is available.
Package pdftexcmds Info: \pdfdraftmode found.
)
(C:\Users\Duygu Ayvaz\AppData\Local\Programs\MiKTeX\tex/latex/kvsetkeys\kvsetke
ys.sty
Package: kvsetkeys 2022-10-05 v1.19 Key value parser (HO)
)
(C:\Users\Duygu Ayvaz\AppData\Local\Programs\MiKTeX\tex/generic/kvdefinekeys\kv
definekeys.sty
Package: kvdefinekeys 2019-12-19 v1.6 Define keys (HO)
)
(C:\Users\Duygu Ayvaz\AppData\Local\Programs\MiKTeX\tex/generic/pdfescape\pdfes
cape.sty
Package: pdfescape 2019/12/09 v1.15 Implements pdfTeX's escape features (HO)
)
(C:\Users\Duygu Ayvaz\AppData\Local\Programs\MiKTeX\tex/latex/hycolor\hycolor.s
ty
Package: hycolor 2020-01-27 v1.10 Color options for hyperref/bookmark (HO)
)
(C:\Users\Duygu Ayvaz\AppData\Local\Programs\MiKTeX\tex/latex/letltxmacro\letlt
xmacro.sty
Package: letltxmacro 2019/12/03 v1.6 Let assignment for LaTeX macros (HO)
)
(C:\Users\Duygu Ayvaz\AppData\Local\Programs\MiKTeX\tex/latex/auxhook\auxhook.s
ty
Package: auxhook 2019-12-17 v1.6 Hooks for auxiliary files (HO)
)
(C:\Users\Duygu Ayvaz\AppData\Local\Programs\MiKTeX\tex/latex/hyperref\nameref.
sty
Package: nameref 2022-05-17 v2.50 Cross-referencing by name of section

(C:\Users\Duygu Ayvaz\AppData\Local\Programs\MiKTeX\tex/latex/refcount\refcount
.sty
Package: refcount 2019/12/15 v3.6 Data extraction from label references (HO)
)
(C:\Users\Duygu Ayvaz\AppData\Local\Programs\MiKTeX\tex/generic/gettitlestring\
gettitlestring.sty
Package: gettitlestring 2019/12/15 v1.6 Cleanup title references (HO)

(C:\Users\Duygu Ayvaz\AppData\Local\Programs\MiKTeX\tex/latex/kvoptions\kvoptio
ns.sty
Package: kvoptions 2022-06-15 v3.15 Key value format for package options (HO)
))
\c@section@level=\count321
)
\@linkdim=\dimen198
\Hy@linkcounter=\count322
\Hy@pagecounter=\count323

(C:\Users\Duygu Ayvaz\AppData\Local\Programs\MiKTeX\tex/latex/hyperref\pd1enc.d
ef
File: pd1enc.def 2022-09-22 v7.00t Hyperref: PDFDocEncoding definition (HO)
Now handling font encoding PD1 ...
... no UTF-8 mapping file for font encoding PD1
)
(C:\Users\Duygu Ayvaz\AppData\Local\Programs\MiKTeX\tex/generic/etexcmds\etexcm
ds.sty
Package: etexcmds 2019/12/15 v1.7 Avoid name clashes with e-TeX commands (HO)
)
\Hy@SavedSpaceFactor=\count324

(C:\Users\Duygu Ayvaz\AppData\Local\Programs\MiKTeX\tex/latex/hyperref\puenc.de
f
File: puenc.def 2022-09-22 v7.00t Hyperref: PDF Unicode definition (HO)
Now handling font encoding PU ...
... no UTF-8 mapping file for font encoding PU
)
Package hyperref Info: Hyper figures OFF on input line 4162.
Package hyperref Info: Link nesting OFF on input line 4167.
Package hyperref Info: Hyper index ON on input line 4170.
Package hyperref Info: Plain pages OFF on input line 4177.
Package hyperref Info: Backreferencing ON on input line 4180.
Package hyperref Info: Implicit mode ON; LaTeX internals redefined.
Package hyperref Info: Bookmarks ON on input line 4410.

(C:\Users\Duygu Ayvaz\AppData\Local\Programs\MiKTeX\tex/latex/hyperref\backref.
sty
Package: backref 2021/02/04 v1.41 Bibliographical back referencing

(C:\Users\Duygu Ayvaz\AppData\Local\Programs\MiKTeX\tex/latex/rerunfilecheck\re
runfilecheck.sty
Package: rerunfilecheck 2022-07-10 v1.10 Rerun checks for auxiliary files (HO)

(C:\Users\Duygu Ayvaz\AppData\Local\Programs\MiKTeX\tex/latex/base\atveryend-lt
x.sty
Package: atveryend-ltx 2020/08/19 v1.0a Emulation of the original atveryend pac
kage
with kernel methods
)
(C:\Users\Duygu Ayvaz\AppData\Local\Programs\MiKTeX\tex/generic/uniquecounter\u
niquecounter.sty
Package: uniquecounter 2019/12/15 v1.4 Provide unlimited unique counter (HO)

(C:\Users\Duygu Ayvaz\AppData\Local\Programs\MiKTeX\tex/generic/bigintcalc\bigi
ntcalc.sty
Package: bigintcalc 2019/12/15 v1.5 Expandable calculations on big integers (HO
)
))
Package uniquecounter Info: New unique counter `rerunfilecheck' on input line 2
85.
))
\c@Hy@tempcnt=\count325

(C:\Users\Duygu Ayvaz\AppData\Local\Programs\MiKTeX\tex/latex/url\url.sty
\Urlmuskip=\muskip16
Package: url 2013/09/16  ver 3.4  Verb mode for urls, etc.
)
LaTeX Info: Redefining \url on input line 4748.
\XeTeXLinkMargin=\dimen199

(C:\Users\Duygu Ayvaz\AppData\Local\Programs\MiKTeX\tex/generic/bitset\bitset.s
ty
Package: bitset 2019/12/09 v1.3 Handle bit-vector datatype (HO)
)
\Fld@menulength=\count326
\Field@Width=\dimen256
\Fld@charsize=\dimen257
Package hyperref Info: Hyper figures OFF on input line 6027.
Package hyperref Info: Link nesting OFF on input line 6032.
Package hyperref Info: Hyper index ON on input line 6035.
Package hyperref Info: backreferencing ON on input line 6040.
Package hyperref Info: Link coloring OFF on input line 6047.
Package hyperref Info: Link coloring with OCG OFF on input line 6052.
Package hyperref Info: PDF/A mode OFF on input line 6057.

(C:\Users\Duygu Ayvaz\AppData\Local\Programs\MiKTeX\tex/latex/base\atbegshi-ltx
.sty
Package: atbegshi-ltx 2021/01/10 v1.0c Emulation of the original atbegshi
package with kernel methods
)
\Hy@abspage=\count327
\c@Item=\count328
\c@Hfootnote=\count329


LaTeX Warning: Command \LT@p@ftntext  has changed.
               Check if current package is valid.

)
Package hyperref Info: Driver: hpdftex.

(C:\Users\Duygu Ayvaz\AppData\Local\Programs\MiKTeX\tex/latex/hyperref\hpdftex.
def
File: hpdftex.def 2022-09-22 v7.00t Hyperref driver for pdfTeX
\Fld@listcount=\count330
\c@bookmark@seq@number=\count331
\Hy@SectionHShift=\skip124
)
Package hyperref Info: Option `colorlinks' set `true' on input line 133.
Package hyperref Info: Option `unicode' set `true' on input line 133.

(C:\Users\Duygu Ayvaz\AppData\Local\Programs\MiKTeX\tex/latex/caption\caption.s
ty
Package: caption 2022/03/01 v3.6b Customizing captions (AR)

(C:\Users\Duygu Ayvaz\AppData\Local\Programs\MiKTeX\tex/latex/caption\caption3.
sty
Package: caption3 2022/03/17 v2.3b caption3 kernel (AR)
\caption@tempdima=\dimen258
\captionmargin=\dimen259
\caption@leftmargin=\dimen260
\caption@rightmargin=\dimen261
\caption@width=\dimen262
\caption@indent=\dimen263
\caption@parindent=\dimen264
\caption@hangindent=\dimen265
Package caption Info: Standard document class detected.
)
\c@caption@flags=\count332
\c@continuedfloat=\count333
Package caption Info: float package is loaded.
Package caption Info: hyperref package is loaded.
Package caption Info: longtable package is loaded.

(C:\Users\Duygu Ayvaz\AppData\Local\Programs\MiKTeX\tex/latex/caption\ltcaption
.sty
Package: ltcaption 2021/01/08 v1.4c longtable captions (AR)
))
(C:\Users\Duygu Ayvaz\AppData\Local\Programs\MiKTeX\tex/latex/etoc\etoc.sty
Package: etoc 2022/08/30 v1.09f Completely customisable TOCs (JFB)
\Etoc@toctoks=\toks35
\c@etoc@tocid=\count334
\c@etoc@tocdepth=\count335
\etoc@framed@titlebox=\box120
\etoc@framed@contentsbox=\box121
)
LaTeX Font Info:    Trying to load font information for T1+phv on input line 14
9.

(C:\Users\Duygu Ayvaz\AppData\Local\Programs\MiKTeX\tex/latex/psnfss\t1phv.fd
File: t1phv.fd 2020/03/25 scalable font definitions for T1/phv.
)
LaTeX Font Info:    Font shape `T1/phv/m/n' will be
(Font)              scaled to size 8.99994pt on input line 149.

(C:\Users\Duygu Ayvaz\AppData\Local\Programs\MiKTeX\tex/latex/l3backend\l3backe
nd-pdftex.def
File: l3backend-pdftex.def 2022-09-28 L3 backend support: PDF output (pdfTeX)
\l__color_backend_stack_int=\count336
\l__pdf_internal_box=\box122
) (refman.aux)
\openout1 = `refman.aux'.

LaTeX Font Info:    Checking defaults for OML/cmm/m/it on input line 149.
LaTeX Font Info:    ... okay on input line 149.
LaTeX Font Info:    Checking defaults for OMS/cmsy/m/n on input line 149.
LaTeX Font Info:    ... okay on input line 149.
LaTeX Font Info:    Checking defaults for OT1/cmr/m/n on input line 149.
LaTeX Font Info:    ... okay on input line 149.
LaTeX Font Info:    Checking defaults for T1/cmr/m/n on input line 149.
LaTeX Font Info:    ... okay on input line 149.
LaTeX Font Info:    Checking defaults for TS1/cmr/m/n on input line 149.
LaTeX Font Info:    ... okay on input line 149.
LaTeX Font Info:    Checking defaults for OMX/cmex/m/n on input line 149.
LaTeX Font Info:    ... okay on input line 149.
LaTeX Font Info:    Checking defaults for U/cmr/m/n on input line 149.
LaTeX Font Info:    ... okay on input line 149.
LaTeX Font Info:    Checking defaults for PD1/pdf/m/n on input line 149.
LaTeX Font Info:    ... okay on input line 149.
LaTeX Font Info:    Checking defaults for PU/pdf/m/n on input line 149.
LaTeX Font Info:    ... okay on input line 149.

(C:\Users\Duygu Ayvaz\AppData\Local\Programs\MiKTeX\tex/context/base/mkii\supp-
pdf.mkii
[Loading MPS to PDF converter (version 2006.09.02).]
\scratchcounter=\count337
\scratchdimen=\dimen266
\scratchbox=\box123
\nofMPsegments=\count338
\nofMParguments=\count339
\everyMPshowfont=\toks36
\MPscratchCnt=\count340
\MPscratchDim=\dimen267
\MPnumerator=\count341
\makeMPintoPDFobject=\count342
\everyMPtoPDFconversion=\toks37
)
(C:\Users\Duygu Ayvaz\AppData\Local\Programs\MiKTeX\tex/latex/epstopdf-pkg\epst
opdf-base.sty
Package: epstopdf-base 2020-01-24 v2.11 Base part for package epstopdf
Package epstopdf-base Info: Redefining graphics rule for `.eps' on input line 4
85.

(C:\Users\Duygu Ayvaz\AppData\Local\Programs\MiKTeX\tex/latex/00miktex\epstopdf
-sys.cfg
File: epstopdf-sys.cfg 2021/03/18 v2.0 Configuration of epstopdf for MiKTeX
))
*geometry* driver: auto-detecting
*geometry* detected driver: pdftex
*geometry* verbose mode - [ preamble ] result:
* driver: pdftex
* paper: a4paper
* layout: <same size as paper>
* layoutoffset:(h,v)=(0.0pt,0.0pt)
* modes: twoside 
* h-part:(L,W,R)=(71.13188pt, 455.24411pt, 71.13188pt)
* v-part:(T,H,B)=(71.13188pt, 702.78308pt, 71.13188pt)
* \paperwidth=597.50787pt
* \paperheight=845.04684pt
* \textwidth=455.24411pt
* \textheight=702.78308pt
* \oddsidemargin=-1.1381pt
* \evensidemargin=-1.1381pt
* \topmargin=-38.1381pt
* \headheight=12.0pt
* \headsep=25.0pt
* \topskip=10.0pt
* \footskip=30.0pt
* \marginparwidth=121.0pt
* \marginparsep=11.0pt
* \columnsep=10.0pt
* \skip\footins=9.0pt plus 4.0pt minus 2.0pt
* \hoffset=0.0pt
* \voffset=0.0pt
* \mag=1000
* \@twocolumnfalse
* \@twosidetrue
* \@mparswitchtrue
* \@reversemarginfalse
* (1in=72.27pt=25.4mm, 1cm=28.453pt)

Package backref Info: ** backref set up for natbib ** on input line 149.
Package hyperref Info: Link coloring ON on input line 149.
(refman.out) (refman.out)
\@outlinefile=\write5
\openout5 = `refman.out'.

Package caption Info: Begin \AtBeginDocument code.
Package caption Info: End \AtBeginDocument code.
\Etoc@tf=\read4
Package hyperref Info: Option `pageanchor' set `false' on input line 157.
Package hyperref Info: Option `bookmarksnumbered' set `true' on input line 157.

Package hyperref Info: Option `unicode' set `true' on input line 157.
LaTeX Font Info:    Font shape `T1/phv/m/n' will be
(Font)              scaled to size 12.9599pt on input line 162.
LaTeX Font Info:    Font shape `T1/phv/m/n' will be
(Font)              scaled to size 10.79993pt on input line 163.
LaTeX Font Info:    Font shape `T1/phv/m/n' will be
(Font)              scaled to size 6.29996pt on input line 163.
LaTeX Font Info:    Trying to load font information for U+msa on input line 163
.

(C:\Users\Duygu Ayvaz\AppData\Local\Programs\MiKTeX\tex/latex/amsfonts\umsa.fd
File: umsa.fd 2013/01/14 v3.01 AMS symbols A
)
LaTeX Font Info:    Trying to load font information for U+msb on input line 163
.
(C:\Users\Duygu Ayvaz\AppData\Local\Programs\MiKTeX\tex/latex/amsfonts\umsb.fd
File: umsb.fd 2013/01/14 v3.01 AMS symbols B
)
LaTeX Font Info:    Trying to load font information for U+wasy on input line 16
3.
(C:\Users\Duygu Ayvaz\AppData\Local\Programs\MiKTeX\tex/latex/wasysym\uwasy.fd
File: uwasy.fd 2020/01/19 v2.4 Wasy-2 symbol font definitions
) [1

{C:/Users/Duygu Ayvaz/AppData/Local/MiKTeX/fonts/map/pdftex/pdftex.map}]
\tf@toc=\write6
\openout6 = `refman.toc'.

LaTeX Font Info:    Font shape `T1/phv/b/n' will be
(Font)              scaled to size 8.99994pt on input line 170.
Package hyperref Info: Option `pageanchor' set `true' on input line 172.
LaTeX Font Info:    Font shape `T1/phv/b/n' will be
(Font)              scaled to size 6.29996pt on input line 174.

[1]
LaTeX Font Info:    Font shape `T1/phv/b/n' will be
(Font)              scaled to size 12.9599pt on input line 174.
 (index.tex <./logo-big.png>
<logo-big.png, id=209, 308.65312pt x 198.7425pt>
File: logo-big.png Graphic file (type png)
<use logo-big.png>
Package pdftex.def Info: logo-big.png  used on input line 3.
(pdftex.def)             Requested size: 85.35826pt x 54.96216pt.


Package hyperref Warning: Difference (2) between bookmark levels is greater 
(hyperref)                than one, level fixed on input line 5.

LaTeX Font Info:    Font shape `T1/phv/bc/n' will be
(Font)              scaled to size 8.99994pt on input line 6.

Underfull \hbox (badness 10000) detected at line 6
[][][]
 []


Underfull \hbox (badness 10000) detected at line 9
[][][]
 []

LaTeX Font Info:    Trying to load font information for TS1+phv on input line 2
7.
(C:\Users\Duygu Ayvaz\AppData\Local\Programs\MiKTeX\tex/latex/psnfss\ts1phv.fd
File: ts1phv.fd 2020/03/25 scalable font definitions for TS1/phv.
)
LaTeX Font Info:    Font shape `TS1/phv/m/n' will be
(Font)              scaled to size 8.99994pt on input line 27.
[2]) (namespaces.tex
LaTeX Font Info:    Font shape `T1/phv/b/n' will be
(Font)              scaled to size 10.79993pt on input line 1.
) (annotated.tex) (files.tex [3])
(namespace_library_app___application.tex) (namespace_library_app___d_l_l.tex)
(namespace_library_management.tex) (class_library_app___d_l_l_1_1_book.tex
[4]
LaTeX Font Info:    Trying to load font information for T1+pcr on input line 73
.

(C:\Users\Duygu Ayvaz\AppData\Local\Programs\MiKTeX\tex/latex/psnfss\t1pcr.fd
File: t1pcr.fd 2001/06/04 font definitions for T1/pcr.
)
[5]
LaTeX Font Info:    Font shape `T1/phv/m/n' will be
(Font)              scaled to size 7.19995pt on input line 122.
 <./class_library_app___d_l_l_1_1_book_a9f8878edbe4dc57b6d9fbb55271fbd22_icgrap
h.pdf

pdfTeX warning: pdflatex (file ./class_library_app___d_l_l_1_1_book_a9f8878edbe
4dc57b6d9fbb55271fbd22_icgraph.pdf): PDF inclusion: multiple pdfs with page gro
up included in a single page
>
<class_library_app___d_l_l_1_1_book_a9f8878edbe4dc57b6d9fbb55271fbd22_icgraph.p
df, id=405, 388.45125pt x 110.4125pt>
File: class_library_app___d_l_l_1_1_book_a9f8878edbe4dc57b6d9fbb55271fbd22_icgr
aph.pdf Graphic file (type pdf)
<use class_library_app___d_l_l_1_1_book_a9f8878edbe4dc57b6d9fbb55271fbd22_icgra
ph.pdf>
Package pdftex.def Info: class_library_app___d_l_l_1_1_book_a9f8878edbe4dc57b6d
9fbb55271fbd22_icgraph.pdf  used on input line 133.
(pdftex.def)             Requested size: 350.0pt x 99.48488pt.
LaTeX Font Info:    Font shape `T1/pcr/m/it' in size <8> not available
(Font)              Font shape `T1/pcr/m/sl' tried instead on input line 143.

Overfull \hbox (29.03154pt too wide) in paragraph at lines 147--148
[]\T1/phv/m/n/10 References [], [], [],
 []


Underfull \hbox (badness 10000) in paragraph at lines 147--148
[]\T1/phv/m/n/10 , [],
 []


Overfull \hbox (71.3666pt too wide) in paragraph at lines 147--148
[]\T1/phv/m/n/10 , [], [],
 []


Overfull \hbox (128.5968pt too wide) in paragraph at lines 147--148
[]\T1/phv/m/n/10 , [], [],
 []


Overfull \hbox (173.88542pt too wide) in paragraph at lines 147--148
[]\T1/phv/m/n/10 , [], [], [],
 []


Overfull \hbox (64.65282pt too wide) in paragraph at lines 147--148
[]\T1/phv/m/n/10 , [], [],
 []


Underfull \hbox (badness 10000) in paragraph at lines 147--148
[]\T1/phv/m/n/10 , [], [],
 []


Overfull \hbox (76.3991pt too wide) in paragraph at lines 147--148
[]\T1/phv/m/n/10 , [], [], [],
 []


Underfull \hbox (badness 1783) in paragraph at lines 147--148
[]\T1/phv/m/n/10 , [], [],
 []


Underfull \hbox (badness 1354) in paragraph at lines 147--148
[]\T1/phv/m/n/10 , [], [],
 []


Overfull \hbox (130.00261pt too wide) in paragraph at lines 147--148
[]\T1/phv/m/n/10 , [], [], [],
 []


Overfull \hbox (102.37267pt too wide) in paragraph at lines 147--148
[]\T1/phv/m/n/10 , [], [], [],
 []

LaTeX Font Info:    Font shape `T1/pcr/m/it' in size <7> not available
(Font)              Font shape `T1/pcr/m/sl' tried instead on input line 153.

Underfull \hbox (badness 10000) in paragraph at lines 157--158
[]\T1/phv/m/n/10 References [], [],
 []


Overfull \hbox (108.56317pt too wide) in paragraph at lines 157--158
[]\T1/phv/m/n/10 , [], [],
 []


Overfull \hbox (176.30522pt too wide) in paragraph at lines 157--158
[]\T1/phv/m/n/10 , [], [],
 []


Overfull \hbox (96.00835pt too wide) in paragraph at lines 157--158
[]\T1/phv/m/n/10 , [], [],
 []


Overfull \hbox (129.79399pt too wide) in paragraph at lines 157--158
[]\T1/phv/m/n/10 , [], [],
 []


Overfull \hbox (121.91136pt too wide) in paragraph at lines 157--158
[]\T1/phv/m/n/10 , [], [], [],
 []


Overfull \hbox (79.72795pt too wide) in paragraph at lines 157--158
[]\T1/phv/m/n/10 , [], [],
 []


Overfull \hbox (44.53864pt too wide) in paragraph at lines 157--158
[]\T1/phv/m/n/10 , [], [],
 []


Overfull \hbox (63.15915pt too wide) in paragraph at lines 157--158
[]\T1/phv/m/n/10 , [], [],
 []

 <./class_library_app___d_l_l_1_1_book_aa42cce6b93073592b9914d746f4c453c_cgraph
.pdf

pdfTeX warning: pdflatex (file ./class_library_app___d_l_l_1_1_book_aa42cce6b93
073592b9914d746f4c453c_cgraph.pdf): PDF inclusion: multiple pdfs with page grou
p included in a single page
>
<class_library_app___d_l_l_1_1_book_aa42cce6b93073592b9914d746f4c453c_cgraph.pd
f, id=490, 388.45125pt x 110.4125pt>
File: class_library_app___d_l_l_1_1_book_aa42cce6b93073592b9914d746f4c453c_cgra
ph.pdf Graphic file (type pdf)
<use class_library_app___d_l_l_1_1_book_aa42cce6b93073592b9914d746f4c453c_cgrap
h.pdf>
Package pdftex.def Info: class_library_app___d_l_l_1_1_book_aa42cce6b93073592b9
914d746f4c453c_cgraph.pdf  used on input line 164.
(pdftex.def)             Requested size: 350.0pt x 99.48488pt.
 [6]
Underfull \hbox (badness 10000) in paragraph at lines 194--195
 \T1/phv/b/n/10 6.1.3.3 AU-THORS_NAME_MAX_LENGTH[] \T1/pcr/m/n/8 const int Libr
ary[]App[]_[][]DLL.[]Book.[]AUTHORS[]_[][]NAME[]_[][]MAX[]_[][]LENGTH =
 []


Underfull \hbox (badness 10000) in paragraph at lines 260--261
 \T1/phv/b/n/10 6.1.3.7 CAT-E-GORY_NAME_MAX_LENGTH[] \T1/pcr/m/n/8 const int Li
brary[]App[]_[][]DLL.[]Book.[]CATEGORY[]_[][]NAME[]_[][]MAX[]_[][]LENGTH
 []

[7]
Underfull \hbox (badness 10000) in paragraph at lines 280--281
 \T1/phv/b/n/10 6.1.3.9 DE-SCRIP-TION_MAX_LENGTH[] \T1/pcr/m/n/8 const int Libr
ary[]App[]_[][]DLL.[]Book.[]DESCRIPTION[]_[][]MAX[]_[][]LENGTH = 300
 []


Underfull \hbox (badness 10000) in paragraph at lines 300--301
 \T1/phv/b/n/10 6.1.3.11 ED-I-TOR_NAME_MAX_LENGHT[] \T1/pcr/m/n/8 const int Lib
rary[]App[]_[][]DLL.[]Book.[]EDITOR[]_[][]NAME[]_[][]MAX[]_[][]LENGHT =
 []

[8] [9] [10]) (class_library_app___d_l_l_1_1_class1.tex <./class_library_app___
d_l_l_1_1_class1_aee07dd27a2812a799e63fa29c14922f6_icgraph.pdf

pdfTeX warning: pdflatex (file ./class_library_app___d_l_l_1_1_class1_aee07dd27
a2812a799e63fa29c14922f6_icgraph.pdf): PDF inclusion: multiple pdfs with page g
roup included in a single page
>
<class_library_app___d_l_l_1_1_class1_aee07dd27a2812a799e63fa29c14922f6_icgraph
.pdf, id=677, 399.4925pt x 110.4125pt>
File: class_library_app___d_l_l_1_1_class1_aee07dd27a2812a799e63fa29c14922f6_ic
graph.pdf Graphic file (type pdf)
<use class_library_app___d_l_l_1_1_class1_aee07dd27a2812a799e63fa29c14922f6_icg
raph.pdf>
Package pdftex.def Info: class_library_app___d_l_l_1_1_class1_aee07dd27a2812a79
9e63fa29c14922f6_icgraph.pdf  used on input line 28.
(pdftex.def)             Requested size: 350.0pt x 96.73872pt.
 <./class_library_app___d_l_l_1_1_class1_a6d162d8c76f8af90c8a5fb9b77f7b24c_cgra
ph.pdf

pdfTeX warning: pdflatex (file ./class_library_app___d_l_l_1_1_class1_a6d162d8c
76f8af90c8a5fb9b77f7b24c_cgraph.pdf): PDF inclusion: multiple pdfs with page gr
oup included in a single page
>
<class_library_app___d_l_l_1_1_class1_a6d162d8c76f8af90c8a5fb9b77f7b24c_cgraph.
pdf, id=686, 399.4925pt x 110.4125pt>
File: class_library_app___d_l_l_1_1_class1_a6d162d8c76f8af90c8a5fb9b77f7b24c_cg
raph.pdf Graphic file (type pdf)
<use class_library_app___d_l_l_1_1_class1_a6d162d8c76f8af90c8a5fb9b77f7b24c_cgr
aph.pdf>
Package pdftex.def Info: class_library_app___d_l_l_1_1_class1_a6d162d8c76f8af90
c8a5fb9b77f7b24c_cgraph.pdf  used on input line 46.
(pdftex.def)             Requested size: 350.0pt x 96.73872pt.
) (class_library_management_1_1_file_utility.tex [11])
(class_library_app___d_l_l_1_1password.tex)
(class_library_app___application_1_1_program.tex)
(_sample_markdown_file_8md.tex)
(_library_app-_application_2obj_2_debug_2_8_n_e_t_framework_00_version_0av4_87_
82_8_assembly_attributes_8cs.tex)
(_library_app-_d_l_l_2obj_2_debug_2_8_n_e_t_framework_00_version_0av4_87_82_8_a
ssembly_attributes_8cs.tex) (_program_8cs.tex [12])
(_library_app-_application_2_properties_2_assembly_info_8cs.tex)
(_library_app-_d_l_l_2_properties_2_assembly_info_8cs.tex) (_book_8cs.tex)
(_class1_8cs.tex) (_conversion_utility_8cs.tex) (_file_utility_8cs.tex)
(_menu_8cs.tex [13]) (password_8cs.tex) [14] (refman.ind
LaTeX Font Info:    Font shape `T1/phv/bc/n' will be
(Font)              scaled to size 12.9599pt on input line 1.

Underfull \hbox (badness 10000) in paragraph at lines 3--5
[]\T1/phv/m/n/10 .NETFramework,Version=v4.7.2.AssemblyAttributes.cs,
 []

[15


] [16]) (refman.aux)
Package rerunfilecheck Info: File `refman.out' has not changed.
(rerunfilecheck)             Checksum: B2FD61AC72C137CCB7727DCD1D359213;8713.
 ) 
Here is how much of TeX's memory you used:
 18241 strings out of 475385
 313288 string characters out of 2774039
 712764 words of memory out of 3000000
 39018 multiletter control sequences out of 15000+600000
 507835 words of font info for 85 fonts, out of 8000000 for 9000
 1141 hyphenation exceptions out of 8191
 99i,16n,117p,6726b,556s stack positions out of 10000i,1000n,20000p,200000b,80000s
{C:/Users/Duygu Ayvaz/AppData/Local/Programs/MiKTeX/fonts/enc/dvips/base/8r.e
nc}<C:/Users/Duygu Ayvaz/AppData/Local/Programs/MiKTeX/fonts/type1/public/amsfo
nts/cm/cmmi10.pfb><C:/Users/Duygu Ayvaz/AppData/Local/Programs/MiKTeX/fonts/typ
e1/public/amsfonts/cm/cmmi8.pfb><C:/Users/Duygu Ayvaz/AppData/Local/Programs/Mi
KTeX/fonts/type1/urw/courier/ucrr8a.pfb><C:/Users/Duygu Ayvaz/AppData/Local/Pro
grams/MiKTeX/fonts/type1/urw/courier/ucrro8a.pfb><C:/Users/Duygu Ayvaz/AppData/
Local/Programs/MiKTeX/fonts/type1/urw/helvetic/uhvb8a.pfb><C:/Users/Duygu Ayvaz
/AppData/Local/Programs/MiKTeX/fonts/type1/urw/helvetic/uhvb8ac.pfb><C:/Users/D
uygu Ayvaz/AppData/Local/Programs/MiKTeX/fonts/type1/urw/helvetic/uhvr8a.pfb>
Output written on refman.pdf (17 pages, 326226 bytes).
PDF statistics:
 995 PDF objects out of 1000 (max. 8388607)
 224 named destinations out of 1000 (max. 500000)
 338 words of extra memory for PDF output out of 10000 (max. 10000000)

